Started by user Admin
[Pipeline] Start of Pipeline
[Pipeline] node
Running on Jenkins in /var/lib/jenkins/workspace/Pyton-Automation_demo
[Pipeline] {
[Pipeline] }
[Pipeline] // node
[Pipeline] stage
[Pipeline] { (Declarative: Post Actions)
[Pipeline] cleanWs
Error when executing always post condition:
Also:   org.jenkinsci.plugins.workflow.actions.ErrorAction$ErrorId: 8a65c246-5ac7-43e0-9e87-a088ccf3543c
org.jenkinsci.plugins.workflow.steps.MissingContextVariableException: Required context class hudson.FilePath is missing
Perhaps you forgot to surround the step with a step that provides this, such as: node
	at PluginClassLoader for workflow-basic-steps//org.jenkinsci.plugins.workflow.steps.CoreStep$Execution.run(CoreStep.java:90)
	at PluginClassLoader for workflow-basic-steps//org.jenkinsci.plugins.workflow.steps.CoreStep$Execution.run(CoreStep.java:71)
	at PluginClassLoader for workflow-step-api//org.jenkinsci.plugins.workflow.steps.SynchronousNonBlockingStepExecution.lambda$start$0(SynchronousNonBlockingStepExecution.java:47)
	at java.base/java.util.concurrent.Executors$RunnableAdapter.call(Executors.java:539)
	at java.base/java.util.concurrent.FutureTask.run(FutureTask.java:264)
	at java.base/java.util.concurrent.ThreadPoolExecutor.runWorker(ThreadPoolExecutor.java:1136)
	at java.base/java.util.concurrent.ThreadPoolExecutor$Worker.run(ThreadPoolExecutor.java:635)
	at java.base/java.lang.Thread.run(Thread.java:840)

[Pipeline] }
[Pipeline] // stage
[Pipeline] End of Pipeline
ERROR: cisco123
Finished: FAILURE
